
2015-04-18 20:58:20,656INFO [Test.one(Test.java:27)] into one method
 
2015-04-18 20:58:20,661ERROR [Test.one(Test.java:35)] / by zero
 
2015-04-18 20:58:20,661INFO [Test.one(Test.java:39)] out one method
 
2015-04-18 21:01:25,054INFO [cn.edu.hit.mitlab.informationretrieval.Index.addIndexs(Index.java:149)] add 43 document
 
2015-04-18 21:02:29,556INFO [cn.edu.hit.mitlab.informationretrieval.Index.addIndexs(Index.java:149)] add 43 document
 
2015-04-18 21:03:15,873INFO [cn.edu.hit.mitlab.informationretrieval.Index.addIndexs(Index.java:149)] add 43 document
 
2015-04-19 12:50:26,138INFO [cn.edu.hit.mitlab.informationretrieval.Index.addIndexs(Index.java:149)] add 43 document
 
2015-04-19 12:54:41,494INFO [cn.edu.hit.mitlab.informationretrieval.Index.addIndexs(Index.java:149)] add 43 document
 
2015-04-19 12:55:03,721INFO [cn.edu.hit.mitlab.informationretrieval.Index.addIndexs(Index.java:149)] add 10068 document
 
2015-04-19 13:01:25,900INFO [cn.edu.hit.mitlab.informationretrieval.Index.addIndexs(Index.java:149)] add 10068 document
 
2015-04-26 21:42:37,647INFO [cn.edu.hit.mitlab.informationretrieval.Index.addIndexs(Index.java:149)] add 43 documents
 
2015-04-26 22:58:16,253INFO [cn.edu.hit.mitlab.informationretrieval.Index.deleteIndex(Index.java:155)] delete keyWord»˝¥Û∑∂µ¬»¯∑¢…˙µƒ in field contents
 
2015-04-26 22:58:48,538INFO [cn.edu.hit.mitlab.informationretrieval.Index.deleteIndex(Index.java:155)] delete keyWord≈£∂Ÿ in field contents
 
2015-05-03 22:30:03,692INFO [cn.edu.hit.mitlab.informationretrieval.Index.addIndexs(Index.java:149)] add 43 documents
 
2015-05-03 22:30:04,149INFO [cn.edu.hit.mitlab.informationretrieval.Index.deleteIndex(Index.java:155)] delete keyWord≈£∂Ÿ in field contents
 
2015-05-03 22:32:41,347INFO [cn.edu.hit.mitlab.informationretrieval.Index.addIndexs(Index.java:149)] add 43 documents
 
2015-05-03 22:32:41,772INFO [cn.edu.hit.mitlab.informationretrieval.Index.deleteIndex(Index.java:155)] delete keyWord ≈£∂Ÿ in field contents
 
2015-05-06 21:04:39,425INFO [cn.edu.hit.mitlab.informationretrieval.Index.addIndexs(Index.java:141)] add 43 documents
 
2015-05-06 21:04:55,713INFO [cn.edu.hit.mitlab.informationretrieval.Index.addIndexs(Index.java:141)] add 43 documents
 
2015-05-06 21:06:56,604INFO [cn.edu.hit.mitlab.informationretrieval.Index.addIndexs(Index.java:141)] add 43 documents
 
2015-05-06 21:07:13,826INFO [cn.edu.hit.mitlab.informationretrieval.Index.addIndexs(Index.java:141)] add 43 documents
 
2015-05-06 21:09:51,097INFO [cn.edu.hit.mitlab.informationretrieval.Index.addIndexs(Index.java:141)] add 43 documents
 
2015-05-06 21:10:20,251INFO [cn.edu.hit.mitlab.informationretrieval.Index.addIndexs(Index.java:141)] add 43 documents
 
2015-05-06 21:16:24,574INFO [cn.edu.hit.mitlab.informationretrieval.Index.addIndexs(Index.java:141)] add 43 documents
 
2015-05-06 21:17:08,334INFO [cn.edu.hit.mitlab.informationretrieval.Index.addIndexs(Index.java:141)] add 43 documents
 
2015-05-06 21:18:33,127INFO [cn.edu.hit.mitlab.informationretrieval.Index.addIndexs(Index.java:141)] add 43 documents
 
2015-05-06 21:18:42,933INFO [cn.edu.hit.mitlab.informationretrieval.Index.addIndexs(Index.java:141)] add 43 documents
 
2015-05-06 21:18:51,136INFO [cn.edu.hit.mitlab.informationretrieval.Index.addIndexs(Index.java:141)] add 43 documents
 
2015-05-06 21:22:21,751INFO [cn.edu.hit.mitlab.informationretrieval.Index.addIndexs(Index.java:141)] add 43 documents
 
2015-05-06 21:25:23,826INFO [cn.edu.hit.mitlab.informationretrieval.Index.addIndexs(Index.java:141)] add 43 documents
 
2015-05-06 21:31:44,344INFO [cn.edu.hit.mitlab.informationretrieval.Index.addIndexs(Index.java:146)] add 43 documents
 
2015-05-06 21:31:50,543INFO [cn.edu.hit.mitlab.informationretrieval.Index.addIndexs(Index.java:146)] add 43 documents
 
2015-05-06 21:31:57,226INFO [cn.edu.hit.mitlab.informationretrieval.Index.addIndexs(Index.java:146)] add 43 documents
 
2015-05-06 21:32:03,042INFO [cn.edu.hit.mitlab.informationretrieval.Index.addIndexs(Index.java:146)] add 43 documents
 
2015-05-06 21:32:16,637INFO [cn.edu.hit.mitlab.informationretrieval.Index.addIndexs(Index.java:146)] add 43 documents
 
2015-05-06 21:32:27,359INFO [cn.edu.hit.mitlab.informationretrieval.Index.addIndexs(Index.java:146)] add 43 documents
 
2015-05-06 21:32:36,283INFO [cn.edu.hit.mitlab.informationretrieval.Index.addIndexs(Index.java:146)] add 43 documents
 
2015-05-06 21:32:48,601INFO [cn.edu.hit.mitlab.informationretrieval.Index.addIndexs(Index.java:146)] add 43 documents
 
2015-05-06 21:33:05,327INFO [cn.edu.hit.mitlab.informationretrieval.Index.addIndexs(Index.java:146)] add 43 documents
 
2015-05-06 21:33:22,356INFO [cn.edu.hit.mitlab.informationretrieval.Index.addIndexs(Index.java:146)] add 43 documents
 
2015-05-06 21:33:39,552INFO [cn.edu.hit.mitlab.informationretrieval.Index.addIndexs(Index.java:146)] add 43 documents
 
2015-05-06 21:34:24,803INFO [cn.edu.hit.mitlab.informationretrieval.Index.addIndexs(Index.java:146)] add 43 documents
 
2015-05-06 21:34:36,910INFO [cn.edu.hit.mitlab.informationretrieval.Index.addIndexs(Index.java:146)] add 43 documents
 
2015-05-06 21:34:47,204INFO [cn.edu.hit.mitlab.informationretrieval.Index.addIndexs(Index.java:146)] add 43 documents
 
2015-05-06 21:34:58,908INFO [cn.edu.hit.mitlab.informationretrieval.Index.addIndexs(Index.java:146)] add 43 documents
 
2015-05-06 21:35:06,582INFO [cn.edu.hit.mitlab.informationretrieval.Index.addIndexs(Index.java:146)] add 43 documents
 
2015-05-06 21:35:18,048INFO [cn.edu.hit.mitlab.informationretrieval.Index.addIndexs(Index.java:146)] add 43 documents
 
2015-05-06 21:35:23,387INFO [cn.edu.hit.mitlab.informationretrieval.Index.addIndexs(Index.java:146)] add 43 documents
 
2015-05-06 21:36:07,516INFO [cn.edu.hit.mitlab.informationretrieval.Index.addIndexs(Index.java:146)] add 43 documents
 
2015-05-06 22:19:44,557INFO [cn.edu.hit.mitlab.informationretrieval.Index.addIndexs(Index.java:144)] add 43 documents
 
2015-05-06 22:20:02,174INFO [cn.edu.hit.mitlab.informationretrieval.Index.addIndexs(Index.java:144)] add 43 documents
 
2015-05-06 22:21:27,648INFO [cn.edu.hit.mitlab.informationretrieval.Index.addIndexs(Index.java:146)] add 43 documents
 
2015-05-06 22:21:41,126INFO [cn.edu.hit.mitlab.informationretrieval.Index.addIndexs(Index.java:146)] add 43 documents
 
2015-05-06 22:23:31,065INFO [cn.edu.hit.mitlab.informationretrieval.Index.addIndexs(Index.java:147)] add 43 documents
 
2015-05-06 22:28:26,896INFO [cn.edu.hit.mitlab.informationretrieval.Index.addIndexs(Index.java:146)] add 43 documents
 
2015-05-06 22:31:43,046INFO [cn.edu.hit.mitlab.informationretrieval.Index.addIndexs(Index.java:146)] add 43 documents
 
2015-05-06 22:32:25,109INFO [cn.edu.hit.mitlab.informationretrieval.Index.addIndexs(Index.java:146)] add 43 documents
 
2015-05-06 22:32:25,547INFO [cn.edu.hit.mitlab.informationretrieval.Index.deleteIndex(Index.java:152)] delete keyWord≈£∂Ÿ in field contents
 
2015-05-06 22:33:20,723INFO [cn.edu.hit.mitlab.informationretrieval.Index.addIndexs(Index.java:146)] add 43 documents
 
2015-05-06 22:33:21,291INFO [cn.edu.hit.mitlab.informationretrieval.Index.deleteIndex(Index.java:152)] delete keyWord≈£∂Ÿ in field contents
 
2015-05-06 22:34:43,217INFO [cn.edu.hit.mitlab.informationretrieval.Index.addIndexs(Index.java:146)] add 43 documents
 
2015-05-06 22:35:02,476INFO [cn.edu.hit.mitlab.informationretrieval.Index.addIndexs(Index.java:146)] add 43 documents
 
2015-05-06 22:36:33,873INFO [cn.edu.hit.mitlab.informationretrieval.Index.addIndexs(Index.java:146)] add 43 documents
 
2015-05-06 22:36:34,319INFO [cn.edu.hit.mitlab.informationretrieval.Index.deleteIndex(Index.java:152)] delete keyWord≈£∂Ÿ in field contents
 
2015-05-06 22:36:58,638INFO [cn.edu.hit.mitlab.informationretrieval.Index.addIndexs(Index.java:146)] add 43 documents
 
2015-05-06 22:36:59,104INFO [cn.edu.hit.mitlab.informationretrieval.Index.deleteIndex(Index.java:152)] delete keyWord≈£∂Ÿ in field contents
 
2015-05-06 22:38:06,816INFO [cn.edu.hit.mitlab.informationretrieval.Index.addIndexs(Index.java:146)] add 43 documents
 
2015-05-06 22:38:07,278INFO [cn.edu.hit.mitlab.informationretrieval.Index.deleteIndex(Index.java:152)] delete keyWord≈£∂Ÿ in field contents
 
2015-05-06 22:38:14,207INFO [cn.edu.hit.mitlab.informationretrieval.Index.addIndexs(Index.java:146)] add 43 documents
 
2015-05-06 22:38:14,590INFO [cn.edu.hit.mitlab.informationretrieval.Index.deleteIndex(Index.java:152)] delete keyWord≈£∂Ÿ in field contents
 
2015-05-08 16:31:07,462INFO [cn.edu.hit.mitlab.informationretrieval.Index.addIndexs(Index.java:146)] add 43 documents
 
2015-05-08 16:31:08,006INFO [cn.edu.hit.mitlab.informationretrieval.Index.deleteIndex(Index.java:152)] delete keyWord≈£∂Ÿ in field contents
 
2015-05-08 16:35:16,389INFO [cn.edu.hit.mitlab.informationretrieval.Index.addIndexs(Index.java:146)] add 43 documents
 
2015-05-08 20:29:21,708INFO [cn.edu.hit.mitlab.informationretrieval.Index.addIndexs(Index.java:146)] add 43 documents
 
2015-05-08 22:25:51,455INFO [cn.edu.hit.mitlab.informationretrieval.Index.addIndexs(Index.java:146)] add 43 documents
 
2015-05-08 22:26:02,539INFO [cn.edu.hit.mitlab.informationretrieval.Index.addIndexs(Index.java:146)] add 43 documents
 